2025-01-14T21:32:21.550Z [INFO]: Express app configured.
2025-01-14T21:32:21.583Z [ERROR]: Failed to start server or connect to database:
2025-01-14T21:33:10.895Z [INFO]: Express app configured.
2025-01-14T21:33:10.928Z [ERROR]: Failed to start server or connect to database:
2025-01-14T21:35:22.674Z [INFO]: Express app configured.
2025-01-14T21:35:22.710Z [ERROR]: Failed to start server or connect to database:
2025-01-14T21:35:57.651Z [INFO]: Express app configured.
2025-01-14T21:36:01.244Z [INFO]: Express app configured.
2025-01-14T21:36:01.274Z [ERROR]: Failed to start server or connect to database:
2025-01-14T21:36:42.554Z [INFO]: Express app configured.
2025-01-14T21:36:42.590Z [ERROR]: Failed to start server or connect to database:
2025-01-14T21:38:30.802Z [INFO]: Express app configured.
2025-01-14T21:38:30.828Z [INFO]: SQLite database connected successfully.
2025-01-14T21:38:30.859Z [INFO]: Database synced.
2025-01-14T21:38:30.860Z [INFO]: Server running at http://localhost:4000
2025-01-14T21:58:37.567Z [INFO]: Express app configured.
2025-01-14T21:58:37.590Z [INFO]: SQLite database connected successfully.
2025-01-14T21:58:37.615Z [INFO]: Database synced.
2025-01-14T21:58:37.616Z [INFO]: Server running at http://localhost:4000
2025-01-14T21:59:21.809Z [INFO]: Express app configured.
2025-01-14T21:59:21.833Z [INFO]: SQLite database connected successfully.
2025-01-14T21:59:21.857Z [INFO]: Database synced.
2025-01-14T21:59:21.859Z [INFO]: Server running at http://localhost:4000
2025-01-14T22:04:05.082Z [INFO]: Express app configured.
2025-01-14T22:04:05.111Z [INFO]: SQLite database connected successfully.
2025-01-14T22:04:05.143Z [INFO]: Database synced.
2025-01-14T22:04:05.144Z [INFO]: Server running at http://localhost:4000
2025-01-15T03:37:35.202Z [INFO]: WebSocket connection established.
2025-01-15T03:37:35.215Z [INFO]: WebSocket connection established.
2025-01-15T03:37:35.292Z [INFO]: WebSocket connection closed.
2025-01-15T03:37:35.293Z [INFO]: WebSocket connection closed.
2025-01-15T03:37:35.639Z [INFO]: WebSocket connection established.
2025-01-15T03:37:35.652Z [INFO]: WebSocket connection established.
2025-01-15T03:39:13.649Z [INFO]: WebSocket connection closed.
2025-01-15T03:39:13.649Z [INFO]: WebSocket connection closed.
2025-01-15T03:39:13.858Z [INFO]: WebSocket connection established.
2025-01-15T03:39:13.880Z [INFO]: WebSocket connection established.
2025-01-15T03:39:24.948Z [INFO]: WebSocket connection closed.
2025-01-15T03:39:24.949Z [INFO]: WebSocket connection closed.
2025-01-15T03:39:25.096Z [INFO]: WebSocket connection established.
2025-01-15T03:39:25.111Z [INFO]: WebSocket connection established.
2025-01-15T03:39:25.665Z [INFO]: WebSocket connection closed.
2025-01-15T03:39:25.666Z [INFO]: WebSocket connection closed.
2025-01-15T03:39:25.825Z [INFO]: WebSocket connection established.
2025-01-15T03:39:25.836Z [INFO]: WebSocket connection established.
2025-01-15T03:39:38.351Z [INFO]: WebSocket connection closed.
2025-01-15T03:39:38.362Z [INFO]: WebSocket connection closed.
2025-01-15T03:39:38.465Z [INFO]: WebSocket connection established.
2025-01-15T03:39:38.483Z [INFO]: WebSocket connection established.
2025-01-15T03:41:11.662Z [INFO]: WebSocket connection closed.
2025-01-15T03:41:11.663Z [INFO]: WebSocket connection closed.
2025-01-15T03:41:11.874Z [INFO]: WebSocket connection established.
2025-01-15T03:41:11.888Z [INFO]: WebSocket connection established.
2025-01-15T03:41:18.680Z [INFO]: WebSocket connection closed.
2025-01-15T03:41:18.680Z [INFO]: WebSocket connection closed.
2025-01-15T03:41:18.870Z [INFO]: WebSocket connection established.
2025-01-15T03:41:18.871Z [INFO]: WebSocket connection established.
2025-01-15T03:41:19.459Z [INFO]: WebSocket connection closed.
2025-01-15T03:41:19.460Z [INFO]: WebSocket connection closed.
2025-01-15T03:41:19.614Z [INFO]: WebSocket connection established.
2025-01-15T03:41:19.628Z [INFO]: WebSocket connection established.
2025-01-15T03:41:19.772Z [INFO]: WebSocket connection closed.
2025-01-15T03:41:19.773Z [INFO]: WebSocket connection closed.
2025-01-15T03:41:20.114Z [INFO]: WebSocket connection established.
2025-01-15T03:41:20.141Z [INFO]: WebSocket connection established.
2025-01-15T03:41:35.999Z [INFO]: WebSocket connection closed.
2025-01-15T03:41:36.002Z [INFO]: WebSocket connection closed.
2025-01-15T03:41:36.465Z [INFO]: WebSocket connection established.
2025-01-15T03:41:36.477Z [INFO]: WebSocket connection established.
2025-01-15T03:41:38.202Z [INFO]: WebSocket connection closed.
2025-01-15T03:41:38.203Z [INFO]: WebSocket connection closed.
2025-01-15T03:41:38.492Z [INFO]: WebSocket connection established.
2025-01-15T03:41:38.505Z [INFO]: WebSocket connection established.
2025-01-15T03:41:44.588Z [INFO]: WebSocket connection closed.
2025-01-15T03:41:44.588Z [INFO]: WebSocket connection closed.
2025-01-15T03:41:44.717Z [INFO]: WebSocket connection established.
2025-01-15T03:41:44.729Z [INFO]: WebSocket connection established.
2025-01-15T03:41:45.434Z [INFO]: WebSocket connection closed.
2025-01-15T03:41:45.434Z [INFO]: WebSocket connection closed.
2025-01-15T03:41:45.550Z [INFO]: WebSocket connection established.
2025-01-15T03:41:45.564Z [INFO]: WebSocket connection established.
2025-01-15T03:41:48.809Z [INFO]: WebSocket connection closed.
2025-01-15T03:41:48.810Z [INFO]: WebSocket connection closed.
2025-01-15T03:41:48.967Z [INFO]: WebSocket connection established.
2025-01-15T03:41:48.987Z [INFO]: WebSocket connection established.
2025-01-15T03:41:51.205Z [INFO]: WebSocket connection closed.
2025-01-15T03:41:51.206Z [INFO]: WebSocket connection closed.
2025-01-15T03:41:51.314Z [INFO]: WebSocket connection established.
2025-01-15T03:41:51.339Z [INFO]: WebSocket connection established.
2025-01-15T03:41:51.829Z [INFO]: WebSocket connection closed.
2025-01-15T03:41:51.829Z [INFO]: WebSocket connection closed.
2025-01-15T03:41:51.929Z [INFO]: WebSocket connection established.
2025-01-15T03:41:51.940Z [INFO]: WebSocket connection established.
2025-01-15T03:41:56.364Z [INFO]: WebSocket connection closed.
2025-01-15T03:41:56.379Z [INFO]: WebSocket connection closed.
2025-01-15T03:41:56.464Z [INFO]: WebSocket connection established.
2025-01-15T03:41:56.479Z [INFO]: WebSocket connection established.
2025-01-15T03:41:57.463Z [INFO]: WebSocket connection closed.
2025-01-15T03:41:57.467Z [INFO]: WebSocket connection closed.
2025-01-15T03:41:57.600Z [INFO]: WebSocket connection established.
2025-01-15T03:41:57.614Z [INFO]: WebSocket connection established.
2025-01-15T03:41:58.253Z [INFO]: WebSocket connection closed.
2025-01-15T03:41:58.253Z [INFO]: WebSocket connection closed.
2025-01-15T03:41:58.355Z [INFO]: WebSocket connection established.
2025-01-15T03:41:58.370Z [INFO]: WebSocket connection established.
2025-01-15T03:41:58.425Z [INFO]: WebSocket connection closed.
2025-01-15T03:41:58.425Z [INFO]: WebSocket connection closed.
2025-01-15T03:41:58.546Z [INFO]: WebSocket connection established.
2025-01-15T03:41:58.563Z [INFO]: WebSocket connection established.
2025-01-15T03:42:03.898Z [INFO]: WebSocket connection closed.
2025-01-15T03:42:03.899Z [INFO]: WebSocket connection closed.
2025-01-15T03:42:04.037Z [INFO]: WebSocket connection established.
2025-01-15T03:42:04.049Z [INFO]: WebSocket connection established.
2025-01-15T03:42:04.123Z [INFO]: WebSocket connection closed.
2025-01-15T03:42:04.123Z [INFO]: WebSocket connection closed.
2025-01-15T03:42:04.239Z [INFO]: WebSocket connection established.
2025-01-15T03:42:04.253Z [INFO]: WebSocket connection established.
2025-01-15T03:42:06.241Z [INFO]: WebSocket connection closed.
2025-01-15T03:42:06.241Z [INFO]: WebSocket connection closed.
2025-01-15T03:42:06.345Z [INFO]: WebSocket connection established.
2025-01-15T03:42:06.362Z [INFO]: WebSocket connection established.
2025-01-15T03:44:05.121Z [INFO]: WebSocket connection closed.
2025-01-15T03:44:05.123Z [INFO]: WebSocket connection closed.
2025-01-15T03:44:05.252Z [INFO]: WebSocket connection established.
2025-01-15T03:44:05.268Z [INFO]: WebSocket connection established.
2025-01-15T03:47:10.174Z [INFO]: WebSocket connection closed.
2025-01-15T03:47:10.207Z [INFO]: WebSocket connection closed.
2025-01-15T03:47:11.022Z [INFO]: WebSocket connection established.
2025-01-15T03:47:11.033Z [INFO]: WebSocket connection established.
2025-01-15T03:47:17.815Z [INFO]: WebSocket connection closed.
2025-01-15T03:47:17.815Z [INFO]: WebSocket connection closed.
2025-01-15T03:47:17.973Z [INFO]: WebSocket connection established.
2025-01-15T03:47:17.993Z [INFO]: WebSocket connection established.
2025-01-15T03:47:19.419Z [INFO]: WebSocket connection closed.
2025-01-15T03:47:19.422Z [INFO]: WebSocket connection closed.
2025-01-15T03:47:19.570Z [INFO]: WebSocket connection established.
2025-01-15T03:47:19.587Z [INFO]: WebSocket connection established.
2025-01-15T03:47:21.288Z [INFO]: WebSocket connection closed.
2025-01-15T03:47:21.288Z [INFO]: WebSocket connection closed.
2025-01-15T03:47:21.418Z [INFO]: WebSocket connection established.
2025-01-15T03:47:21.434Z [INFO]: WebSocket connection established.
2025-01-15T03:47:48.474Z [INFO]: WebSocket connection closed.
2025-01-15T03:47:48.476Z [INFO]: WebSocket connection closed.
2025-01-15T03:47:48.627Z [INFO]: WebSocket connection established.
2025-01-15T03:47:48.639Z [INFO]: WebSocket connection established.
2025-01-15T03:47:48.948Z [INFO]: WebSocket connection closed.
2025-01-15T03:47:48.948Z [INFO]: WebSocket connection closed.
2025-01-15T03:47:49.270Z [INFO]: WebSocket connection established.
2025-01-15T03:47:49.332Z [INFO]: WebSocket connection established.
2025-01-15T03:50:35.394Z [INFO]: Express app configured.
2025-01-15T03:50:35.423Z [INFO]: SQLite database connected successfully.
2025-01-15T03:50:35.447Z [INFO]: Database synced.
2025-01-15T03:50:35.449Z [INFO]: Server running at http://localhost:4000
2025-01-15T03:50:37.825Z [INFO]: WebSocket connection established.
2025-01-15T03:51:10.436Z [INFO]: Express app configured.
2025-01-15T03:51:10.493Z [INFO]: SQLite database connected successfully.
2025-01-15T03:51:10.561Z [INFO]: Database synced.
2025-01-15T03:51:10.563Z [INFO]: Server running at http://localhost:4000
2025-01-15T03:51:13.403Z [INFO]: Express app configured.
2025-01-15T03:51:13.439Z [INFO]: SQLite database connected successfully.
2025-01-15T03:51:13.478Z [INFO]: Database synced.
2025-01-15T03:51:13.480Z [INFO]: Server running at http://localhost:4000
2025-01-15T03:51:13.828Z [INFO]: WebSocket connection established.
2025-01-15T03:51:35.331Z [INFO]: WebSocket connection closed.
2025-01-15T03:51:35.666Z [INFO]: WebSocket connection established.
2025-01-15T03:51:35.680Z [INFO]: WebSocket connection established.
2025-01-15T03:52:36.549Z [INFO]: WebSocket connection closed.
2025-01-15T03:52:36.565Z [INFO]: WebSocket connection closed.
2025-01-15T03:52:38.507Z [INFO]: WebSocket connection established.
2025-01-15T03:52:38.520Z [INFO]: WebSocket connection established.
2025-01-15T03:52:42.451Z [INFO]: WebSocket connection closed.
2025-01-15T03:52:42.454Z [INFO]: WebSocket connection closed.
2025-01-15T03:52:42.648Z [INFO]: WebSocket connection established.
2025-01-15T03:52:42.655Z [INFO]: WebSocket connection established.
2025-01-15T03:52:45.002Z [INFO]: WebSocket connection closed.
2025-01-15T03:52:45.002Z [INFO]: WebSocket connection closed.
2025-01-15T03:52:45.126Z [INFO]: WebSocket connection established.
2025-01-15T03:52:45.142Z [INFO]: WebSocket connection established.
2025-01-15T03:52:47.092Z [INFO]: WebSocket connection closed.
2025-01-15T03:52:47.092Z [INFO]: WebSocket connection closed.
2025-01-15T03:52:47.217Z [INFO]: WebSocket connection established.
2025-01-15T03:52:47.231Z [INFO]: WebSocket connection established.
2025-01-15T03:52:51.248Z [INFO]: WebSocket connection closed.
2025-01-15T03:52:51.249Z [INFO]: WebSocket connection closed.
2025-01-15T03:52:51.403Z [INFO]: WebSocket connection established.
2025-01-15T03:52:51.421Z [INFO]: WebSocket connection established.
2025-01-15T03:52:51.486Z [INFO]: WebSocket connection closed.
2025-01-15T03:52:51.486Z [INFO]: WebSocket connection closed.
2025-01-15T03:52:51.598Z [INFO]: WebSocket connection established.
2025-01-15T03:52:51.610Z [INFO]: WebSocket connection established.
2025-01-15T03:53:33.881Z [INFO]: WebSocket connection closed.
2025-01-15T03:53:33.884Z [INFO]: WebSocket connection closed.
2025-01-15T03:53:34.126Z [INFO]: WebSocket connection established.
2025-01-15T03:53:34.140Z [INFO]: WebSocket connection established.
2025-01-15T03:55:12.197Z [INFO]: Express app configured.
2025-01-15T03:55:12.223Z [INFO]: SQLite database connected successfully.
2025-01-15T03:55:12.248Z [INFO]: Database synced.
2025-01-15T03:55:12.250Z [INFO]: Server running at http://localhost:4000
2025-01-15T03:55:12.574Z [INFO]: WebSocket connection established.
2025-01-15T14:40:34.025Z [INFO]: Express app configured.
2025-01-15T14:40:34.054Z [INFO]: SQLite database connected successfully.
2025-01-15T14:40:34.079Z [INFO]: Database synced.
2025-01-15T14:40:34.081Z [INFO]: Server running at http://localhost:4000
2025-01-15T14:41:12.554Z [INFO]: WebSocket connection established.
2025-01-15T14:41:12.567Z [INFO]: WebSocket connection established.
2025-01-15T14:41:15.664Z [INFO]: WebSocket connection closed.
2025-01-15T14:41:15.665Z [INFO]: WebSocket connection closed.
2025-01-15T14:41:15.712Z [INFO]: WebSocket connection established.
2025-01-15T14:41:15.727Z [INFO]: WebSocket connection established.
2025-01-15T14:46:25.863Z [INFO]: WebSocket connection closed.
2025-01-15T14:46:25.863Z [INFO]: WebSocket connection closed.
2025-01-15T14:46:25.932Z [INFO]: WebSocket connection established.
2025-01-15T14:46:25.945Z [INFO]: WebSocket connection established.
2025-01-15T14:55:36.883Z [INFO]: Express app configured.
2025-01-15T14:55:36.909Z [INFO]: SQLite database connected successfully.
2025-01-15T14:55:36.934Z [INFO]: Database synced.
2025-01-15T14:55:36.936Z [INFO]: Server running at http://localhost:4000
2025-01-15T14:55:43.611Z [INFO]: WebSocket connection established.
2025-01-15T14:56:07.515Z [INFO]: WebSocket connection closed.
2025-01-15T14:56:07.654Z [INFO]: WebSocket connection established.
2025-01-15T14:56:07.667Z [INFO]: WebSocket connection established.
2025-01-15T14:57:10.817Z [INFO]: Express app configured.
2025-01-15T14:57:10.847Z [INFO]: SQLite database connected successfully.
2025-01-15T14:57:10.877Z [INFO]: Database synced.
2025-01-15T14:57:10.879Z [INFO]: Server running at http://localhost:4000
2025-01-15T14:57:11.669Z [INFO]: Express app configured.
2025-01-15T14:57:11.726Z [INFO]: SQLite database connected successfully.
2025-01-15T14:57:11.775Z [INFO]: Database synced.
2025-01-15T14:57:11.778Z [INFO]: Server running at http://localhost:4000
2025-01-15T14:57:14.615Z [INFO]: WebSocket connection established.
2025-01-15T14:57:24.662Z [INFO]: Express app configured.
2025-01-15T14:57:24.685Z [INFO]: SQLite database connected successfully.
2025-01-15T14:57:24.709Z [INFO]: Database synced.
2025-01-15T14:57:24.710Z [INFO]: Server running at http://localhost:4000
2025-01-15T14:57:27.608Z [INFO]: WebSocket connection established.
2025-01-15T14:57:55.144Z [INFO]: Express app configured.
2025-01-15T14:57:55.171Z [INFO]: SQLite database connected successfully.
2025-01-15T14:57:55.198Z [INFO]: Database synced.
2025-01-15T14:57:55.200Z [INFO]: Server running at http://localhost:4000
2025-01-15T14:58:02.556Z [INFO]: WebSocket connection established.
2025-01-15T15:01:59.634Z [INFO]: WebSocket connection closed.
2025-01-15T15:01:59.840Z [INFO]: WebSocket connection established.
2025-01-15T15:01:59.852Z [INFO]: WebSocket connection established.
2025-01-15T15:02:01.630Z [INFO]: WebSocket connection closed.
2025-01-15T15:02:01.635Z [INFO]: WebSocket connection closed.
2025-01-15T15:02:01.785Z [INFO]: WebSocket connection established.
2025-01-15T15:02:01.798Z [INFO]: WebSocket connection established.
2025-01-15T15:02:28.366Z [INFO]: WebSocket connection established.
2025-01-15T15:02:28.379Z [INFO]: WebSocket connection established.
2025-01-15T15:02:48.632Z [INFO]: WebSocket connection closed.
2025-01-15T15:02:48.632Z [INFO]: WebSocket connection closed.
2025-01-15T15:02:48.633Z [INFO]: WebSocket connection closed.
2025-01-15T15:02:48.633Z [INFO]: WebSocket connection closed.
2025-01-15T15:02:48.704Z [INFO]: WebSocket connection established.
2025-01-15T15:02:48.716Z [INFO]: WebSocket connection established.
2025-01-15T15:02:48.771Z [INFO]: WebSocket connection established.
2025-01-15T15:02:48.784Z [INFO]: WebSocket connection established.
2025-01-15T15:03:07.681Z [INFO]: WebSocket connection established.
2025-01-15T15:03:07.697Z [INFO]: WebSocket connection established.
2025-01-15T15:03:19.631Z [INFO]: WebSocket connection closed.
2025-01-15T15:03:19.633Z [INFO]: WebSocket connection closed.
2025-01-15T15:03:19.633Z [INFO]: WebSocket connection closed.
2025-01-15T15:03:19.633Z [INFO]: WebSocket connection closed.
2025-01-15T15:03:19.634Z [INFO]: WebSocket connection closed.
2025-01-15T15:03:19.634Z [INFO]: WebSocket connection closed.
2025-01-15T15:03:19.732Z [INFO]: WebSocket connection established.
2025-01-15T15:03:19.746Z [INFO]: WebSocket connection established.
2025-01-15T15:03:19.807Z [INFO]: WebSocket connection established.
2025-01-15T15:03:19.832Z [INFO]: WebSocket connection established.
2025-01-15T15:04:01.095Z [INFO]: WebSocket connection established.
2025-01-15T15:04:01.108Z [INFO]: WebSocket connection established.
2025-01-15T15:04:05.412Z [INFO]: WebSocket connection closed.
2025-01-15T15:04:05.414Z [INFO]: WebSocket connection closed.
2025-01-15T15:04:05.415Z [INFO]: WebSocket connection closed.
2025-01-15T15:04:05.416Z [INFO]: WebSocket connection closed.
2025-01-15T15:04:05.417Z [INFO]: WebSocket connection closed.
2025-01-15T15:04:05.417Z [INFO]: WebSocket connection closed.
2025-01-15T15:04:05.457Z [INFO]: WebSocket connection established.
2025-01-15T15:04:05.470Z [INFO]: WebSocket connection established.
2025-01-15T15:04:13.319Z [INFO]: WebSocket connection closed.
2025-01-15T15:04:13.320Z [INFO]: WebSocket connection closed.
2025-01-15T15:04:13.447Z [INFO]: WebSocket connection established.
2025-01-15T15:04:13.458Z [INFO]: WebSocket connection established.
2025-01-15T15:04:20.235Z [INFO]: WebSocket connection closed.
2025-01-15T15:04:20.237Z [INFO]: WebSocket connection closed.
2025-01-15T15:04:20.337Z [INFO]: WebSocket connection established.
2025-01-15T15:04:20.349Z [INFO]: WebSocket connection established.
2025-01-15T15:05:34.754Z [INFO]: WebSocket connection established.
2025-01-15T15:05:34.773Z [INFO]: WebSocket connection established.
2025-01-15T15:06:15.203Z [INFO]: WebSocket connection established.
2025-01-15T15:06:15.216Z [INFO]: WebSocket connection established.
2025-01-15T15:08:31.633Z [INFO]: WebSocket connection closed.
2025-01-15T15:08:31.635Z [INFO]: WebSocket connection closed.
2025-01-15T15:08:31.635Z [INFO]: WebSocket connection closed.
2025-01-15T15:08:31.637Z [INFO]: WebSocket connection closed.
2025-01-15T15:08:31.637Z [INFO]: WebSocket connection closed.
2025-01-15T15:08:31.637Z [INFO]: WebSocket connection closed.
2025-01-15T15:08:31.757Z [INFO]: WebSocket connection established.
2025-01-15T15:08:31.769Z [INFO]: WebSocket connection established.
2025-01-15T15:08:31.941Z [INFO]: WebSocket connection established.
2025-01-15T15:08:31.967Z [INFO]: WebSocket connection established.
2025-01-15T15:08:32.619Z [INFO]: WebSocket connection closed.
2025-01-15T15:08:32.621Z [INFO]: WebSocket connection closed.
2025-01-15T15:08:32.621Z [INFO]: WebSocket connection closed.
2025-01-15T15:08:32.621Z [INFO]: WebSocket connection closed.
2025-01-15T15:08:32.753Z [INFO]: WebSocket connection established.
2025-01-15T15:08:32.766Z [INFO]: WebSocket connection established.
2025-01-15T15:08:32.846Z [INFO]: WebSocket connection established.
2025-01-15T15:08:32.869Z [INFO]: WebSocket connection established.
2025-01-15T15:08:57.864Z [INFO]: WebSocket connection closed.
2025-01-15T15:08:57.864Z [INFO]: WebSocket connection closed.
2025-01-15T15:08:57.864Z [INFO]: WebSocket connection closed.
2025-01-15T15:08:57.865Z [INFO]: WebSocket connection closed.
2025-01-15T15:08:57.929Z [INFO]: WebSocket connection established.
2025-01-15T15:08:57.945Z [INFO]: WebSocket connection established.
2025-01-15T15:08:57.969Z [INFO]: WebSocket connection established.
2025-01-15T15:08:57.987Z [INFO]: WebSocket connection established.
2025-01-15T15:09:03.550Z [INFO]: WebSocket connection closed.
2025-01-15T15:09:03.551Z [INFO]: WebSocket connection closed.
2025-01-15T15:09:03.551Z [INFO]: WebSocket connection closed.
2025-01-15T15:09:03.551Z [INFO]: WebSocket connection closed.
2025-01-15T15:09:03.608Z [INFO]: WebSocket connection established.
2025-01-15T15:09:03.628Z [INFO]: WebSocket connection established.
2025-01-15T15:09:07.986Z [INFO]: WebSocket connection closed.
2025-01-15T15:09:07.987Z [INFO]: WebSocket connection closed.
2025-01-15T15:09:08.091Z [INFO]: WebSocket connection established.
2025-01-15T15:09:08.104Z [INFO]: WebSocket connection established.
2025-01-15T15:14:23.637Z [INFO]: WebSocket connection closed.
2025-01-15T15:14:23.637Z [INFO]: WebSocket connection closed.
2025-01-15T15:14:23.849Z [INFO]: WebSocket connection established.
2025-01-15T15:14:23.865Z [INFO]: WebSocket connection established.
2025-01-15T15:14:48.462Z [INFO]: WebSocket connection closed.
2025-01-15T15:14:48.462Z [INFO]: WebSocket connection closed.
2025-01-15T15:14:48.521Z [INFO]: WebSocket connection established.
2025-01-15T15:14:48.532Z [INFO]: WebSocket connection established.
2025-01-15T15:15:57.627Z [INFO]: WebSocket connection closed.
2025-01-15T15:15:57.627Z [INFO]: WebSocket connection closed.
2025-01-15T15:15:57.703Z [INFO]: WebSocket connection established.
2025-01-15T15:15:57.715Z [INFO]: WebSocket connection established.
2025-01-15T15:15:59.711Z [INFO]: WebSocket connection closed.
2025-01-15T15:15:59.711Z [INFO]: WebSocket connection closed.
2025-01-15T15:15:59.766Z [INFO]: WebSocket connection established.
2025-01-15T15:15:59.778Z [INFO]: WebSocket connection established.
2025-01-15T15:19:00.196Z [INFO]: WebSocket connection closed.
2025-01-15T15:19:00.196Z [INFO]: WebSocket connection closed.
2025-01-15T15:19:00.256Z [INFO]: WebSocket connection established.
2025-01-15T15:19:00.269Z [INFO]: WebSocket connection established.
2025-01-15T15:19:07.086Z [INFO]: WebSocket connection established.
2025-01-15T15:19:07.098Z [INFO]: WebSocket connection established.
2025-01-15T15:19:14.787Z [INFO]: WebSocket connection established.
2025-01-15T15:19:16.386Z [INFO]: WebSocket connection closed.
2025-01-15T15:19:16.387Z [INFO]: WebSocket connection closed.
2025-01-15T15:19:16.387Z [INFO]: WebSocket connection closed.
2025-01-15T15:19:16.387Z [INFO]: WebSocket connection closed.
2025-01-15T15:19:16.387Z [INFO]: WebSocket connection closed.
2025-01-15T15:19:16.458Z [INFO]: WebSocket connection established.
2025-01-15T15:19:16.476Z [INFO]: WebSocket connection established.
2025-01-15T15:19:16.505Z [INFO]: WebSocket connection established.
2025-01-15T15:19:16.518Z [INFO]: WebSocket connection established.
2025-01-15T15:19:56.420Z [INFO]: WebSocket connection closed.
2025-01-15T15:19:56.420Z [INFO]: WebSocket connection closed.
2025-01-15T15:19:56.421Z [INFO]: WebSocket connection closed.
2025-01-15T15:19:56.421Z [INFO]: WebSocket connection closed.
2025-01-15T15:19:56.487Z [INFO]: WebSocket connection established.
2025-01-15T15:19:56.499Z [INFO]: WebSocket connection established.
2025-01-15T15:19:56.533Z [INFO]: WebSocket connection established.
2025-01-15T15:19:56.561Z [INFO]: WebSocket connection established.
2025-01-15T15:19:59.488Z [INFO]: WebSocket connection established.
2025-01-15T15:19:59.500Z [INFO]: WebSocket connection established.
2025-01-15T15:20:35.945Z [INFO]: WebSocket connection established.
2025-01-15T15:20:35.956Z [INFO]: WebSocket connection established.
