2025-01-14T21:32:21.583Z [ERROR]: Failed to start server or connect to database:
2025-01-14T21:33:10.928Z [ERROR]: Failed to start server or connect to database:
2025-01-14T21:35:22.710Z [ERROR]: Failed to start server or connect to database:
2025-01-14T21:35:57.684Z [ERROR]: Failed to start server or connect to database:
2025-01-14T21:36:01.274Z [ERROR]: Failed to start server or connect to database:
2025-01-14T21:36:42.590Z [ERROR]: Failed to start server or connect to database:
2025-01-15T20:45:15.402Z [ERROR]: Error uploading song: get_audio_duration_1.default.fromFile is not a function
2025-01-15T20:47:28.811Z [ERROR]: Error uploading song: get_audio_duration_1.default.fromFile is not a function
2025-01-15T20:47:46.223Z [ERROR]: Error uploading song: get_audio_duration_1.default.fromFile is not a function
2025-01-15T20:49:33.623Z [ERROR]: Error uploading song: mm.parseFile is not a function
2025-01-15T21:08:49.136Z [ERROR]: Error adding to queue: SQLITE_BUSY: database is locked
2025-01-15T21:08:55.827Z [ERROR]: Error adding to queue: SQLITE_BUSY: database is locked
2025-01-15T21:09:02.700Z [ERROR]: Error adding to queue: SQLITE_BUSY: database is locked
2025-01-15T21:11:29.918Z [ERROR]: Error adding to queue: SQLITE_BUSY: database is locked
2025-01-15T21:12:08.152Z [ERROR]: Error adding to queue: SQLITE_BUSY: database is locked
2025-01-15T21:12:59.819Z [ERROR]: Error adding to queue: SQLITE_BUSY: database is locked
2025-01-15T21:13:30.652Z [ERROR]: Error adding to queue: SQLITE_BUSY: database is locked
2025-01-15T21:27:05.069Z [ERROR]: Error retrieving songs: Invalid value { '$like': '%%' }
2025-01-15T21:30:42.740Z [ERROR]: Error adding to queue: SQLITE_BUSY: database is locked
2025-01-21T08:59:29.357Z [ERROR]: Error adding to queue: SongModel is associated to QueueModel using an alias. You must use the 'as' keyword to specify the alias within your include statement.
2025-01-21T09:05:13.497Z [ERROR]: Error adding to queue: SongModel is associated to QueueModel using an alias. You must use the 'as' keyword to specify the alias within your include statement.
2025-01-21T10:29:27.475Z [ERROR]: Error creating song: SQLITE_BUSY: database is locked
2025-01-21T10:29:27.475Z [ERROR]: Error uploading song: SQLITE_BUSY: database is locked
2025-01-21T10:30:51.960Z [ERROR]: Error creating song: SQLITE_BUSY: database is locked
2025-01-21T10:30:51.962Z [ERROR]: Error uploading song: SQLITE_BUSY: database is locked
2025-01-21T10:33:12.136Z [ERROR]: Error creating song: SQLITE_BUSY: database is locked
2025-01-21T10:33:18.042Z [ERROR]: Error creating song: SQLITE_BUSY: database is locked
2025-01-21T10:33:24.046Z [ERROR]: Error creating song: SQLITE_BUSY: database is locked
2025-01-21T10:33:30.259Z [ERROR]: Error creating song: SQLITE_BUSY: database is locked
2025-01-21T10:33:30.262Z [ERROR]: Error uploading song: SQLITE_BUSY: database is locked
2025-01-21T10:38:49.824Z [ERROR]: Error creating song: SQLITE_BUSY: database is locked
2025-01-21T10:38:49.826Z [ERROR]: Error uploading song: SQLITE_BUSY: database is locked
2025-01-21T10:50:43.831Z [ERROR]: Error creating song: SQLITE_BUSY: database is locked
2025-01-21T10:50:43.832Z [ERROR]: Error uploading song: SQLITE_BUSY: database is locked
2025-01-21T10:59:00.290Z [ERROR]: Error creating song: SQLITE_BUSY: database is locked
2025-01-21T10:59:07.118Z [ERROR]: Error creating song: SQLITE_BUSY: database is locked
2025-01-21T10:59:13.933Z [ERROR]: Error creating song: SQLITE_BUSY: database is locked
2025-01-21T10:59:13.935Z [ERROR]: Error uploading song: SQLITE_BUSY: database is locked
